<?xml version="1.0" encoding="UTF-8"?>
<!-- Generated by org.testng.reporters.JUnitXMLReporter -->
<testsuite ignored="0" hostname="MLI01273" failures="2" tests="2" name="Find New Car Test" time="5.193" errors="0" timestamp="10 Mar 2023 13:02:42 GMT">
  <testcase classname="testcases.FindNewCarTest" name="findNewCar" time="5.105">
    <failure type="org.openqa.selenium.remote.http.ConnectionFailedException" message="Unable to establish websocket connection to http://localhost:62991/devtools/browser/09a7303d-ca8c-454b-888d-62695e6a066d
Build info: version: &amp;apos;4.0.0&amp;apos;, revision: &amp;apos;3a21814679&amp;apos;
System info: host: &amp;apos;MLI01273&amp;apos;, ip: &amp;apos;172.18.1.90&amp;apos;, os.name: &amp;apos;Windows 10&amp;apos;, os.arch: &amp;apos;amd64&amp;apos;, os.version: &amp;apos;10.0&amp;apos;, java.version: &amp;apos;17.0.5&amp;apos;
Driver info: driver.version: ChromeDriver">
      <![CDATA[org.openqa.selenium.remote.http.ConnectionFailedException: Unable to establish websocket connection to http://localhost:62991/devtools/browser/09a7303d-ca8c-454b-888d-62695e6a066d
Build info: version: '4.0.0', revision: '3a21814679'
System info: host: 'MLI01273', ip: '172.18.1.90', os.name: 'Windows 10', os.arch: 'amd64', os.version: '10.0', java.version: '17.0.5'
Driver info: driver.version: ChromeDriver
at org.openqa.selenium.remote.http.netty.NettyWebSocket.<init>(NettyWebSocket.java:104)
at org.openqa.selenium.remote.http.netty.NettyWebSocket.lambda$create$3(NettyWebSocket.java:137)
at org.openqa.selenium.remote.http.netty.NettyClient.openSocket(NettyClient.java:127)
at org.openqa.selenium.devtools.Connection.<init>(Connection.java:77)
at org.openqa.selenium.chromium.ChromiumDriver.lambda$new$2(ChromiumDriver.java:124)
at java.base/java.util.Optional.map(Optional.java:260)
at org.openqa.selenium.chromium.ChromiumDriver.<init>(ChromiumDriver.java:122)
at org.openqa.selenium.chrome.ChromeDriver.<init>(ChromeDriver.java:104)
at org.openqa.selenium.chrome.ChromeDriver.<init>(ChromeDriver.java:91)
at org.openqa.selenium.chrome.ChromeDriver.<init>(ChromeDriver.java:80)
at base.BaseTest.setUp(BaseTest.java:80)
at testcases.FindNewCarTest.findNewCar(FindNewCarTest.java:25)
... Removed 25 stack frames]]>
    </failure>
  </testcase> <!-- findNewCar -->
  <testcase classname="testcases.FindNewCarTest" name="findNewCar" time="5.178">
    <failure type="java.lang.NullPointerException" message="Cannot invoke &amp;quot;org.openqa.selenium.TakesScreenshot.getScreenshotAs(org.openqa.selenium.OutputType)&amp;quot; because &amp;quot;base.BasePage.driver&amp;quot; is null">
      <![CDATA[java.lang.NullPointerException: Cannot invoke "org.openqa.selenium.TakesScreenshot.getScreenshotAs(org.openqa.selenium.OutputType)" because "base.BasePage.driver" is null
at extentlisteners.ExtentManager.captureScreenshot(ExtentManager.java:55)
at extentlisteners.ExtentListeners.onTestFailure(ExtentListeners.java:59)
... Removed 22 stack frames]]>
    </failure>
  </testcase> <!-- findNewCar -->
</testsuite> <!-- Find New Car Test -->
